0 info it worked if it ends with ok
1 verbose cli [ 'D:\\Progs\\nodejs\\\\node.exe',
1 verbose cli   'D:\\Progs\\nodejs\\node_modules\\npm\\bin\\npm-cli.js',
1 verbose cli   'stop' ]
2 info using npm@1.4.28
3 info using node@v0.10.32
4 verbose node symlink D:\Progs\nodejs\\node.exe
5 verbose run-script [ 'prestop', 'stop', 'poststop' ]
6 info prestop ProjectRTC@0.4.0
7 info stop ProjectRTC@0.4.0
8 verbose unsafe-perm in lifecycle true
9 info ProjectRTC@0.4.0 Failed to exec stop script
10 error ProjectRTC@0.4.0 stop: `forever stopall`
10 error Exit status 1
11 error Failed at the ProjectRTC@0.4.0 stop script.
11 error This is most likely a problem with the ProjectRTC package,
11 error not with npm itself.
11 error Tell the author that this fails on your system:
11 error     forever stopall
11 error You can get their info via:
11 error     npm owner ls ProjectRTC
11 error There is likely additional logging output above.
12 error System Windows_NT 6.1.7601
13 error command "D:\\Progs\\nodejs\\\\node.exe" "D:\\Progs\\nodejs\\node_modules\\npm\\bin\\npm-cli.js" "stop"
14 error cwd D:\Java_development\VKCallingRTC
15 error node -v v0.10.32
16 error npm -v 1.4.28
17 error code ELIFECYCLE
18 verbose exit [ 1, true ]
